Using pre-set license
Built from '2021.3/staging' branch; Version is '2021.3.2f1 (d6360bedb9a0) revision 14038539'; Using compiler version '192829333'; Build Type 'Release'
OS: 'Windows 10  (10.0.19042) 64bit Education' Language: 'ko' Physical Memory: 16297 MB
BatchMode: 1, IsHumanControllingUs: 0, StartBugReporterOnCrash: 0, Is64bit: 1, IsPro: 1

COMMAND LINE ARGUMENTS:
C:\Program Files\Unity\Hub\Editor\2021.3.2f1\Editor\Unity.exe
-adb2
-batchMode
-noUpm
-name
AssetImportWorker7
-projectPath
C:/Users/Administrator/Desktop/3D-Zombie-FPS/3D Zombie FPS
-logFile
Logs/AssetImportWorker7.log
-srvPort
65167
Successfully changed project path to: C:/Users/Administrator/Desktop/3D-Zombie-FPS/3D Zombie FPS
C:/Users/Administrator/Desktop/3D-Zombie-FPS/3D Zombie FPS
[UnityMemory] Configuration Parameters - Can be set up in boot.config
    "memorysetup-bucket-allocator-granularity=16"
    "memorysetup-bucket-allocator-bucket-count=8"
    "memorysetup-bucket-allocator-block-size=33554432"
    "memorysetup-bucket-allocator-block-count=8"
    "memorysetup-main-allocator-block-size=16777216"
    "memorysetup-thread-allocator-block-size=16777216"
    "memorysetup-gfx-main-allocator-block-size=16777216"
    "memorysetup-gfx-thread-allocator-block-size=16777216"
    "memorysetup-cache-allocator-block-size=4194304"
    "memorysetup-typetree-allocator-block-size=2097152"
    "memorysetup-profiler-bucket-allocator-granularity=16"
    "memorysetup-profiler-bucket-allocator-bucket-count=8"
    "memorysetup-profiler-bucket-allocator-block-size=33554432"
    "memorysetup-profiler-bucket-allocator-block-count=8"
    "memorysetup-profiler-allocator-block-size=16777216"
    "memorysetup-profiler-editor-allocator-block-size=1048576"
    "memorysetup-temp-allocator-size-main=16777216"
    "memorysetup-job-temp-allocator-block-size=2097152"
    "memorysetup-job-temp-allocator-block-size-background=1048576"
    "memorysetup-job-temp-allocator-reduction-small-platforms=262144"
    "memorysetup-temp-allocator-size-background-worker=32768"
    "memorysetup-temp-allocator-size-job-worker=262144"
    "memorysetup-temp-allocator-size-preload-manager=33554432"
    "memorysetup-temp-allocator-size-nav-mesh-worker=65536"
    "memorysetup-temp-allocator-size-audio-worker=65536"
    "memorysetup-temp-allocator-size-cloud-worker=32768"
    "memorysetup-temp-allocator-size-gi-baking-worker=262144"
    "memorysetup-temp-allocator-size-gfx=262144"
Refreshing native plugins compatible for Editor in 75.15 ms, found 3 plugins.
Preloading 0 native plugins for Editor in 0.00 ms.
Initialize engine version: 2021.3.2f1 (d6360bedb9a0)
[Subsystems] Discovering subsystems at path C:/Program Files/Unity/Hub/Editor/2021.3.2f1/Editor/Data/Resources/UnitySubsystems
[Subsystems] Discovering subsystems at path C:/Users/Administrator/Desktop/3D-Zombie-FPS/3D Zombie FPS/Assets
GfxDevice: creating device client; threaded=0; jobified=0
Direct3D:
    Version:  Direct3D 11.0 [level 11.1]
    Renderer: NVIDIA GeForce GTX 1660 (ID=0x2184)
    Vendor:   NVIDIA
    VRAM:     5991 MB
    Driver:   27.21.14.5671
Initialize mono
Mono path[0] = 'C:/Program Files/Unity/Hub/Editor/2021.3.2f1/Editor/Data/Managed'
Mono path[1] = 'C:/Program Files/Unity/Hub/Editor/2021.3.2f1/Editor/Data/MonoBleedingEdge/lib/mono/unityjit-win32'
Mono config path = 'C:/Program Files/Unity/Hub/Editor/2021.3.2f1/Editor/Data/MonoBleedingEdge/etc'
Using monoOptions --debugger-agent=transport=dt_socket,embedding=1,server=y,suspend=n,address=127.0.0.1:56136
Begin MonoManager ReloadAssembly
Registering precompiled unity dll's ...
Register platform support module: C:/Program Files/Unity/Hub/Editor/2021.3.2f1/Editor/Data/PlaybackEngines/AndroidPlayer/UnityEditor.Android.Extensions.dll
Register platform support module: C:/Program Files/Unity/Hub/Editor/2021.3.2f1/Editor/Data/PlaybackEngines/WindowsStandaloneSupport/UnityEditor.WindowsStandalone.Extensions.dll
Registered in 0.007013 seconds.
Native extension for WindowsStandalone target not found
Native extension for Android target not found
Refreshing native plugins compatible for Editor in 69.28 ms, found 3 plugins.
Preloading 0 native plugins for Editor in 0.00 ms.
Mono: successfully reloaded assembly
- Completed reload, in  0.679 seconds
Domain Reload Profiling:
	ReloadAssembly (679ms)
		BeginReloadAssembly (84ms)
			ExecutionOrderSort (0ms)
			DisableScriptedObjects (0ms)
			BackupInstance (0ms)
			ReleaseScriptingObjects (0ms)
			CreateAndSetChildDomain (1ms)
		EndReloadAssembly (460ms)
			LoadAssemblies (83ms)
			RebuildTransferFunctionScriptingTraits (0ms)
			SetupTypeCache (141ms)
			ReleaseScriptCaches (0ms)
			RebuildScriptCaches (25ms)
			SetupLoadedEditorAssemblies (244ms)
				LogAssemblyErrors (0ms)
				InitializePlatformSupportModulesInManaged (45ms)
				SetLoadedEditorAssemblies (0ms)
				RefreshPlugins (69ms)
				BeforeProcessingInitializeOnLoad (1ms)
				ProcessInitializeOnLoadAttributes (87ms)
				ProcessInitializeOnLoadMethodAttributes (41ms)
				AfterProcessingInitializeOnLoad (0ms)
				EditorAssembliesLoaded (0ms)
			ExecutionOrderSort2 (0ms)
			AwakeInstancesAfterBackupRestoration (0ms)
Platform modules already initialized, skipping
Registering precompiled user dll's ...
Registered in 0.003962 seconds.
Begin MonoManager ReloadAssembly
Symbol file LoadedFromMemory doesn't match image C:\Users\Administrator\Desktop\3D-Zombie-FPS\3D Zombie FPS\Library\PackageCache\com.unity.visualscripting@1.7.6\Editor\VisualScripting.Core\Dependencies\YamlDotNet\Unity.VisualScripting.YamlDotNet.dll
Symbol file LoadedFromMemory doesn't match image C:\Users\Administrator\Desktop\3D-Zombie-FPS\3D Zombie FPS\Library\PackageCache\com.unity.visualscripting@1.7.6\Editor\VisualScripting.Core\Dependencies\DotNetZip\Unity.VisualScripting.IonicZip.dll
Native extension for WindowsStandalone target not found
Native extension for Android target not found
Refreshing native plugins compatible for Editor in 0.53 ms, found 3 plugins.
Preloading 0 native plugins for Editor in 0.00 ms.
Mono: successfully reloaded assembly
- Completed reload, in  0.992 seconds
Domain Reload Profiling:
	ReloadAssembly (993ms)
		BeginReloadAssembly (217ms)
			ExecutionOrderSort (0ms)
			DisableScriptedObjects (6ms)
			BackupInstance (0ms)
			ReleaseScriptingObjects (0ms)
			CreateAndSetChildDomain (125ms)
		EndReloadAssembly (681ms)
			LoadAssemblies (77ms)
			RebuildTransferFunctionScriptingTraits (0ms)
			SetupTypeCache (222ms)
			ReleaseScriptCaches (1ms)
			RebuildScriptCaches (45ms)
			SetupLoadedEditorAssemblies (315ms)
				LogAssemblyErrors (0ms)
				InitializePlatformSupportModulesInManaged (12ms)
				SetLoadedEditorAssemblies (0ms)
				RefreshPlugins (1ms)
				BeforeProcessingInitializeOnLoad (77ms)
				ProcessInitializeOnLoadAttributes (195ms)
				ProcessInitializeOnLoadMethodAttributes (25ms)
				AfterProcessingInitializeOnLoad (5ms)
				EditorAssembliesLoaded (0ms)
			ExecutionOrderSort2 (0ms)
			AwakeInstancesAfterBackupRestoration (4ms)
Platform modules already initialized, skipping
========================================================================
Worker process is ready to serve import requests
Launched and connected shader compiler UnityShaderCompiler.exe after 0.03 seconds
Refreshing native plugins compatible for Editor in 0.57 ms, found 3 plugins.
Preloading 0 native plugins for Editor in 0.00 ms.
Unloading 3363 Unused Serialized files (Serialized files now loaded: 0)
Unloading 26 unused Assets / (112.5 KB). Loaded Objects now: 3825.
Memory consumption went from 119.0 MB to 118.9 MB.
Total: 2.861400 ms (FindLiveObjects: 0.280200 ms CreateObjectMapping: 0.253200 ms MarkObjects: 2.242200 ms  DeleteObjects: 0.085000 ms)

AssetImportParameters requested are different than current active one (requested -> active):
  custom:video-decoder-ogg-theora: a1e56fd34408186e4bbccfd4996cb3dc -> 
  custom:container-muxer-webm: aa71ff27fc2769a1b78a27578f13a17b -> 
  custom:container-demuxer-webm: 4f35f7cbe854078d1ac9338744f61a02 -> 
  custom:video-encoder-webm-vp8: eb34c28f22e8b96e1ab97ce403110664 -> 
  custom:audio-encoder-webm-vorbis: bf7c407c2cedff20999df2af8eb42d56 -> 
  custom:framework-win-MediaFoundation: 216162199b28c13a410421893ffa2e32 -> 
  custom:container-demuxer-ogg: 62fdf1f143b41e24485cea50d1cbac27 -> 
  custom:video-decoder-webm-vp8: 9c59270c3fd7afecdb556c50c9e8de78 -> 
  custom:audio-decoder-ogg-vorbis: bf7c407c2cedff20999df2af8eb42d56 -> 
========================================================================
Received Prepare
Registering precompiled user dll's ...
Registered in 0.003799 seconds.
Begin MonoManager ReloadAssembly
Symbol file LoadedFromMemory doesn't match image C:\Users\Administrator\Desktop\3D-Zombie-FPS\3D Zombie FPS\Library\PackageCache\com.unity.visualscripting@1.7.6\Editor\VisualScripting.Core\Dependencies\YamlDotNet\Unity.VisualScripting.YamlDotNet.dll
Symbol file LoadedFromMemory doesn't match image C:\Users\Administrator\Desktop\3D-Zombie-FPS\3D Zombie FPS\Library\PackageCache\com.unity.visualscripting@1.7.6\Editor\VisualScripting.Core\Dependencies\DotNetZip\Unity.VisualScripting.IonicZip.dll
Native extension for WindowsStandalone target not found
Native extension for Android target not found
Refreshing native plugins compatible for Editor in 0.85 ms, found 3 plugins.
Preloading 0 native plugins for Editor in 0.00 ms.
Mono: successfully reloaded assembly
- Completed reload, in  1.018 seconds
Domain Reload Profiling:
	ReloadAssembly (1019ms)
		BeginReloadAssembly (154ms)
			ExecutionOrderSort (0ms)
			DisableScriptedObjects (5ms)
			BackupInstance (0ms)
			ReleaseScriptingObjects (0ms)
			CreateAndSetChildDomain (53ms)
		EndReloadAssembly (784ms)
			LoadAssemblies (93ms)
			RebuildTransferFunctionScriptingTraits (0ms)
			SetupTypeCache (255ms)
			ReleaseScriptCaches (1ms)
			RebuildScriptCaches (46ms)
			SetupLoadedEditorAssemblies (349ms)
				LogAssemblyErrors (0ms)
				InitializePlatformSupportModulesInManaged (21ms)
				SetLoadedEditorAssemblies (1ms)
				RefreshPlugins (1ms)
				BeforeProcessingInitializeOnLoad (70ms)
				ProcessInitializeOnLoadAttributes (217ms)
				ProcessInitializeOnLoadMethodAttributes (34ms)
				AfterProcessingInitializeOnLoad (5ms)
				EditorAssembliesLoaded (0ms)
			ExecutionOrderSort2 (0ms)
			AwakeInstancesAfterBackupRestoration (5ms)
Platform modules already initialized, skipping
Refreshing native plugins compatible for Editor in 2.54 ms, found 3 plugins.
Preloading 0 native plugins for Editor in 0.00 ms.
Unloading 3358 Unused Serialized files (Serialized files now loaded: 0)
Unloading 19 unused Assets / (79.4 KB). Loaded Objects now: 3828.
Memory consumption went from 118.9 MB to 118.9 MB.
Total: 3.027900 ms (FindLiveObjects: 0.294400 ms CreateObjectMapping: 0.198400 ms MarkObjects: 2.448400 ms  DeleteObjects: 0.085300 ms)

AssetImportParameters requested are different than current active one (requested -> active):
  custom:video-decoder-ogg-theora: a1e56fd34408186e4bbccfd4996cb3dc -> 
  custom:container-muxer-webm: aa71ff27fc2769a1b78a27578f13a17b -> 
  custom:container-demuxer-webm: 4f35f7cbe854078d1ac9338744f61a02 -> 
  custom:video-encoder-webm-vp8: eb34c28f22e8b96e1ab97ce403110664 -> 
  custom:audio-encoder-webm-vorbis: bf7c407c2cedff20999df2af8eb42d56 -> 
  custom:framework-win-MediaFoundation: 216162199b28c13a410421893ffa2e32 -> 
  custom:container-demuxer-ogg: 62fdf1f143b41e24485cea50d1cbac27 -> 
  custom:video-decoder-webm-vp8: 9c59270c3fd7afecdb556c50c9e8de78 -> 
  custom:audio-decoder-ogg-vorbis: bf7c407c2cedff20999df2af8eb42d56 -> 
========================================================================
Received Import Request.
  Time since last request: 6921.079162 seconds.
  path: Assets/EffectTexturesAndPrefabs/FBX/ShockWave_mesh.fbx
  artifactKey: Guid(611050965a7b66143b84e5b62ae17405) Importer(815301076,1909f56bfc062723c751e8b465ee728b)
Start importing Assets/EffectTexturesAndPrefabs/FBX/ShockWave_mesh.fbx using Guid(611050965a7b66143b84e5b62ae17405) Importer(815301076,1909f56bfc062723c751e8b465ee728b)  -> (artifact id: 'c504727c0110b01f77d9bbbfb650138e') in 0.132849 seconds 
========================================================================
Received Import Request.
  Time since last request: 0.933526 seconds.
  path: Assets/EffectTexturesAndPrefabs/Materials/Fire_A.mat
  artifactKey: Guid(b465c451c01c117458142e3e46fe035b) Importer(815301076,1909f56bfc062723c751e8b465ee728b)
Start importing Assets/EffectTexturesAndPrefabs/Materials/Fire_A.mat using Guid(b465c451c01c117458142e3e46fe035b) Importer(815301076,1909f56bfc062723c751e8b465ee728b)  -> (artifact id: '7aef5645208f63c839399a311d79ab2b') in 0.053537 seconds 
========================================================================
Received Import Request.
  Time since last request: 0.000020 seconds.
  path: Assets/EffectTexturesAndPrefabs/Materials/Smoke_explosion.mat
  artifactKey: Guid(8350849aae5998e4ca0f12fcd3e9c157) Importer(815301076,1909f56bfc062723c751e8b465ee728b)
Start importing Assets/EffectTexturesAndPrefabs/Materials/Smoke_explosion.mat using Guid(8350849aae5998e4ca0f12fcd3e9c157) Importer(815301076,1909f56bfc062723c751e8b465ee728b)  -> (artifact id: '8af2bc30d814e95ca78bde9e1adcdfbe') in 2.097451 seconds 
========================================================================
Received Import Request.
  Time since last request: 0.000058 seconds.
  path: Assets/EffectTexturesAndPrefabs/Materials/FireParticle_A.mat
  artifactKey: Guid(abc49fa8b01f5314c880641bc7c5986d) Importer(815301076,1909f56bfc062723c751e8b465ee728b)
Start importing Assets/EffectTexturesAndPrefabs/Materials/FireParticle_A.mat using Guid(abc49fa8b01f5314c880641bc7c5986d) Importer(815301076,1909f56bfc062723c751e8b465ee728b)  -> (artifact id: '3294bed5ffe545d4dfa33a902555ecc8') in 0.014231 seconds 
========================================================================
Received Import Request.
  Time since last request: 0.000109 seconds.
  path: Assets/EffectTexturesAndPrefabs/Materials/Star_A.mat
  artifactKey: Guid(aac8c2d15db78104ba4efcddca91ba0e) Importer(815301076,1909f56bfc062723c751e8b465ee728b)
Start importing Assets/EffectTexturesAndPrefabs/Materials/Star_A.mat using Guid(aac8c2d15db78104ba4efcddca91ba0e) Importer(815301076,1909f56bfc062723c751e8b465ee728b)  -> (artifact id: '379851fb31e574ddce9d44dc5afd322c') in 0.012832 seconds 
========================================================================
Received Import Request.
  Time since last request: 0.000058 seconds.
  path: Assets/EffectTexturesAndPrefabs/Materials/Star_B.mat
  artifactKey: Guid(19e0af29cd4638241944ed62aa8986fc) Importer(815301076,1909f56bfc062723c751e8b465ee728b)
Start importing Assets/EffectTexturesAndPrefabs/Materials/Star_B.mat using Guid(19e0af29cd4638241944ed62aa8986fc) Importer(815301076,1909f56bfc062723c751e8b465ee728b)  -> (artifact id: 'bf08320badf8ce72033248212f133434') in 0.019544 seconds 
========================================================================
Received Import Request.
  Time since last request: 0.000042 seconds.
  path: Assets/EffectTexturesAndPrefabs/Materials/Slash.mat
  artifactKey: Guid(7ab6922abe596f14bbeacc00ae8c81be) Importer(815301076,1909f56bfc062723c751e8b465ee728b)
Start importing Assets/EffectTexturesAndPrefabs/Materials/Slash.mat using Guid(7ab6922abe596f14bbeacc00ae8c81be) Importer(815301076,1909f56bfc062723c751e8b465ee728b)  -> (artifact id: 'c07b72fa8154e84a83c52d29d2aa23e4') in 0.020309 seconds 
========================================================================
Received Import Request.
  Time since last request: 0.000056 seconds.
  path: Assets/EffectTexturesAndPrefabs/Materials/Smoke_thin.mat
  artifactKey: Guid(8764e26efc3afff4db4bfbabc8fd2043) Importer(815301076,1909f56bfc062723c751e8b465ee728b)
Start importing Assets/EffectTexturesAndPrefabs/Materials/Smoke_thin.mat using Guid(8764e26efc3afff4db4bfbabc8fd2043) Importer(815301076,1909f56bfc062723c751e8b465ee728b)  -> (artifact id: '30c1979445f3a4771a5a83345e204db2') in 1.904389 seconds 
========================================================================
Received Import Request.
  Time since last request: 32.769109 seconds.
  path: Assets/EffectTexturesAndPrefabs/Prefabs/Explosion_A.prefab
  artifactKey: Guid(779aa8c25fbd0e1488637639c9fff976) Importer(815301076,1909f56bfc062723c751e8b465ee728b)
Start importing Assets/EffectTexturesAndPrefabs/Prefabs/Explosion_A.prefab using Guid(779aa8c25fbd0e1488637639c9fff976) Importer(815301076,1909f56bfc062723c751e8b465ee728b)  -> (artifact id: '4cb2f214fd674804dc5df47003596a57') in 0.017139 seconds 
========================================================================
Received Import Request.
  Time since last request: 0.000044 seconds.
  path: Assets/EffectTexturesAndPrefabs/Prefabs/Heart.prefab
  artifactKey: Guid(f87e7926fd589094b8a269e14b8bea5e) Importer(815301076,1909f56bfc062723c751e8b465ee728b)
Start importing Assets/EffectTexturesAndPrefabs/Prefabs/Heart.prefab using Guid(f87e7926fd589094b8a269e14b8bea5e) Importer(815301076,1909f56bfc062723c751e8b465ee728b)  -> (artifact id: 'dc7ff31282bc9216e8449447e70eac55') in 0.011518 seconds 
========================================================================
Received Import Request.
  Time since last request: 0.000017 seconds.
  path: Assets/EffectTexturesAndPrefabs/Prefabs/smoke_thick.prefab
  artifactKey: Guid(d26aaf76e6e2409448242b9a2d66f31f) Importer(815301076,1909f56bfc062723c751e8b465ee728b)
Start importing Assets/EffectTexturesAndPrefabs/Prefabs/smoke_thick.prefab using Guid(d26aaf76e6e2409448242b9a2d66f31f) Importer(815301076,1909f56bfc062723c751e8b465ee728b)  -> (artifact id: 'c3fc2b9c3a008086ae880faaa7034020') in 2.134905 seconds 
========================================================================
Received Import Request.
  Time since last request: 0.000080 seconds.
  path: Assets/EffectTexturesAndPrefabs/Prefabs/HitEffect_A.prefab
  artifactKey: Guid(643639841fb531e4ba8097fed4eb9ac7) Importer(815301076,1909f56bfc062723c751e8b465ee728b)
Start importing Assets/EffectTexturesAndPrefabs/Prefabs/HitEffect_A.prefab using Guid(643639841fb531e4ba8097fed4eb9ac7) Importer(815301076,1909f56bfc062723c751e8b465ee728b)  -> (artifact id: 'ad3caba2faff7d4967830820759ba08f') in 0.023090 seconds 
========================================================================
Received Import Request.
  Time since last request: 0.000114 seconds.
  path: Assets/EffectTexturesAndPrefabs/Prefabs/ShockWave.prefab
  artifactKey: Guid(5cbc537826220e04592d5a41a0dd985f) Importer(815301076,1909f56bfc062723c751e8b465ee728b)
Start importing Assets/EffectTexturesAndPrefabs/Prefabs/ShockWave.prefab using Guid(5cbc537826220e04592d5a41a0dd985f) Importer(815301076,1909f56bfc062723c751e8b465ee728b)  -> (artifact id: '4667f2e103c192aedb5c15bbff4c52ba') in 0.021860 seconds 
========================================================================
Received Import Request.
  Time since last request: 0.000051 seconds.
  path: Assets/EffectTexturesAndPrefabs/Prefabs/Star_A.prefab
  artifactKey: Guid(cc461484bcafc664fb68be84c1fc6860) Importer(815301076,1909f56bfc062723c751e8b465ee728b)
Start importing Assets/EffectTexturesAndPrefabs/Prefabs/Star_A.prefab using Guid(cc461484bcafc664fb68be84c1fc6860) Importer(815301076,1909f56bfc062723c751e8b465ee728b)  -> (artifact id: 'd4d72715591b192f079fa4e33ec4f7ee') in 0.031628 seconds 
========================================================================
Received Import Request.
  Time since last request: 0.000063 seconds.
  path: Assets/EffectTexturesAndPrefabs/Prefabs/Fire_B.prefab
  artifactKey: Guid(83f5e574addfb424ebd95bbb8ff8b080) Importer(815301076,1909f56bfc062723c751e8b465ee728b)
Start importing Assets/EffectTexturesAndPrefabs/Prefabs/Fire_B.prefab using Guid(83f5e574addfb424ebd95bbb8ff8b080) Importer(815301076,1909f56bfc062723c751e8b465ee728b)  -> (artifact id: '94a65097175ec0dbbfbd554b630ffd6b') in 0.030600 seconds 
========================================================================
Received Import Request.
  Time since last request: 0.000042 seconds.
  path: Assets/EffectTexturesAndPrefabs/Prefabs/Spark.prefab
  artifactKey: Guid(18c0a8b63ea8b4448a595b0c24c1384a) Importer(815301076,1909f56bfc062723c751e8b465ee728b)
Start importing Assets/EffectTexturesAndPrefabs/Prefabs/Spark.prefab using Guid(18c0a8b63ea8b4448a595b0c24c1384a) Importer(815301076,1909f56bfc062723c751e8b465ee728b)  -> (artifact id: '4e2f7b78ad0ad393a84df12531fdc57c') in 0.360276 seconds 
Editor requested this worker to shutdown with reason: Scaling down because of idle timeout
AssetImportWorker is now disconnected from the server
Process exiting
Exiting without the bug reporter. Application will terminate with return code 0